<?xml version="1.0" encoding="utf-8"?><testsuites name="pytest tests"><testsuite name="pytest" errors="0" failures="0" skipped="0" tests="9" time="2.652" timestamp="2026-03-19T15:41:18.706034+00:00" hostname="agent-env-69eae83a-6ac4-4d75-a73b-45b16702b64d"><testcase classname="backend.tests.test_bulk_import.TestBulkImportFeature" name="test_products_page_has_bulk_import_button" time="0.285" /><testcase classname="backend.tests.test_bulk_import.TestBulkImportFeature" name="test_csv_template_download" time="0.275" /><testcase classname="backend.tests.test_bulk_import.TestBulkImportFeature" name="test_bulk_import_page_renders" time="0.286" /><testcase classname="backend.tests.test_bulk_import.TestBulkImportFeature" name="test_csv_upload_semicolon_delimiter_shows_preview" time="0.292" /><testcase classname="backend.tests.test_bulk_import.TestBulkImportFeature" name="test_csv_upload_comma_delimiter_auto_detection" time="0.289" /><testcase classname="backend.tests.test_bulk_import.TestBulkImportFeature" name="test_confirm_import_creates_products" time="0.318" /><testcase classname="backend.tests.test_bulk_import.TestExistingProductCRUD" name="test_create_single_product" time="0.302" /><testcase classname="backend.tests.test_bulk_import.TestExistingProductCRUD" name="test_products_list_displays_products" time="0.276" /><testcase classname="backend.tests.test_bulk_import.TestImageAutoMatch" name="test_auto_match_via_database" time="0.262" /></testsuite></testsuites>